<?xml version="1.0" encoding="UTF-8" ?>
<testsuite tests="5" failures="0" name="RouteCalculatorTest" time="0.016" errors="0" skipped="0">
  <properties>
[...]
</properties>
  <testcase classname="RouteCalculatorTest" name="testGetShortestRoute_single_line" time="0.011"/>
  <testcase classname="RouteCalculatorTest" name="testCalculateDuration" time="0"/>
  <testcase classname="RouteCalculatorTest" name="testGetShortestRoute_to_same_station" time="0.001"/>
  <testcase classname="RouteCalculatorTest" name="testGetShortestRoute_with_two_transfers" time="0.003"/>
  <testcase classname="RouteCalculatorTest" name="testGetShortestRoute_with_one_transfer" time="0.001"/>
</testsuite>